0 2 25 24 66 67 68 70 71 72 74 75 78 80 81 82 83 84 87 89 90 91 92 93 94 95 96 99 1 43 3 44 5 10 42 51 37 6 9 58 11 28 56 14 38 59 15 41 16 55 40 20 18 22 23 54 32 35 27 30 48 53 60 49
0 24
0 2
0 67
0 84
0 70
0 25
0 92
0 82
0 81
0 75
0 89
0 90
0 96
0 94
0 68
0 91
0 95
0 93
0 87
0 78
0 99
0 72
0 66
0 74
0 71
0 80
0 83
2 43
24 54
24 41
24 32
24 35
82 28
1 43
3 44
44 18
5 10
5 37
5 42
5 51
42 22
37 53
37 30
37 41
37 6
9 11
9 58
11 56
11 28
56 60
14 38
14 59
38 27
59 20
59 16
15 41
16 55
16 40
55 49
18 22
23 54
27 30
30 48