0 10 66 67 68 69 70 71 72 74 75 76 77 79 80 81 82 83 85 86 89 90 91 96 98 1 40 62 3 13 56 5 24 6 39 53 7 33 9 60 58 11 46 49 47 63 20 15 35 16 18 21 55 54 38 25 26 57 28 29 61 64 30 31 43 50 41 42 44
0 10
0 90
0 72
0 81
0 74
0 82
0 69
0 83
0 76
0 86
0 71
0 77
0 91
0 68
0 98
0 70
0 79
0 96
0 89
0 85
0 67
10 3
66 3
75 13
77 16
80 20
1 40
40 56
62 31
62 49
3 13
13 63
13 47
13 20
56 18
56 26
5 24
24 49
6 39
6 53
39 16
53 25
53 28
7 33
33 20
33 43
33 50
9 60
9 58
60 31
58 61
11 46
11 49
46 44
47 30
20 54
20 55
15 35
35 28
21 38
54 26
38 29
26 57
57 41
29 61
29 64
64 50
50 42