0 5 25 26 27 1 21 29 30 2 9 3 31 35 36 4 11 38 39 12 40 41 42 6 43 44 8 50 10 52 53 54 55 56 57 22 58 60 17 61 62 63 15 19 23 70 71 72 76 77 78 82 83 84 20 24 85 86 87 90 91 92 94 96 97 99
0 25
0 27
0 26
5 40
5 41
5 42
26 29
27 56
1 30
1 29
21 90
29 35
2 31
9 52
9 53
9 54
3 36
3 35
31 63
36 38
4 38
4 39
11 58
11 60
39 90
12 61
12 62
12 63
41 99
42 76
6 44
6 43
43 85
8 50
50 77
10 56
10 55
10 57
52 86
52 76
52 58
56 77
56 72
22 91
22 92
60 94
17 76
17 78
62 78
63 71
15 70
15 71
19 83
19 84
19 82
23 96
23 94
76 82
77 92
78 92
20 85
20 87
20 86
24 97
24 99