0 10 21 25 27 1 23 28 30 6 20 3 34 35 36 13 9 40 43 45 7 8 46 48 15 49 51 53 54 55 56 57 12 61 62 19 65 66 14 67 68 69 70 72 17 76 77 78 24 82 83 84 87 88 89 90 94 95 97 98 99
0 25
0 27
10 55
10 57
10 56
21 88
21 89
21 90
27 34
1 28
1 30
23 94
23 95
30 94
6 43
6 45
20 87
3 34
3 35
3 36
34 43
35 40
35 68
13 66
13 65
9 54
9 53
7 48
7 46
8 49
8 51
46 76
15 72
15 70
51 98
54 84
54 98
55 89
12 61
12 62
62 89
19 84
19 82
19 83
65 88
14 68
14 69
14 67
67 99
67 90
69 77
70 87
17 76
17 78
17 77
24 99
24 97
24 98
83 87
83 95