0 1 2 3 4 5 6 7 8 9 10 11 12 14 16 17 18 19 20 21 22 23 25 27 28 29 30 31 32 34 38 40 42 44 48 50 51 53 54 55 56 57 58 61 62 66 68 69 70 74 75 76 78 80 81 82 83 84 86 87 88 90 93 95
0 34
0 30
1 29
2 38
2 32
3 40
3 20
4 42
4 25
5 44
5 14
6 18
7 48
7 11
7 30
8 50
8 25
9 22
9 51
9 30
9 18
10 54
10 53
10 21
11 55
11 56
11 25
11 27
12 28
12 17
12 58
12 57
14 62
14 61
16 66
17 68
18 70
18 69
19 29
19 23
20 31
20 74
21 75
21 76
22 28
22 78
23 32
25 84
25 83
27 88
27 87
28 90
30 93
38 40
42 44
54 56
66 68
74 76
78 80
81 83
82 84
86 88
93 95