0 30 40 4 67 68 69 74 75 77 81 82 83 84 86 87 88 91 92 97 98 99 22 2 28 57 3 44 37 29 48 6 31 7 8 16 58 9 35 55 63 42 11 15 59 12 49 41 17 18 25 45 46 50 32 53 61 62 39 60 56
0 30
0 4
0 40
0 75
0 83
0 77
0 99
0 84
0 91
0 98
0 97
0 87
0 67
0 88
0 68
0 69
0 86
0 74
0 82
0 81
30 32
4 48
4 29
92 39
22 46
2 57
2 28
28 11
57 61
57 39
3 44
3 37
37 7
37 49
48 56
48 63
6 31
31 61
31 53
8 16
8 58
58 62
9 55
9 35
9 63
55 41
55 62
63 18
42 60
11 59
11 15
12 49
49 39
49 45
17 18
18 45
18 25
25 50
46 50
53 60