3 4 7 11 12 15 16 13 17 20 22 23 24 26 27 29 30 31 34 35 33 39 36 40 41 42 45 46 47 48 49 50 51 53 54 57 61 62 60 66 63 67 68 69 72 73 74 75 76 78 79 82 86 87 85 91 88 92 94 96
3 7
4 7
7 12
11 16
11 15
12 17
12 13
16 20
17 22
20 23
22 24
23 26
24 27
26 30
27 30
29 30
30 35
30 31
34 39
34 33
35 40
35 36
39 42
36 41
40 45
42 46
45 47
46 48
47 49
48 50
49 51
50 53
51 54
53 57
54 57
57 61
57 62
61 60
61 66
62 63
62 67
66 69
63 68
67 72
69 73
72 74
73 75
74 76
75 78
76 79
78 82
82 86
82 87
86 85
86 91
87 88
87 92
91 94
92 96