1 11 2 22 20 12 21 3 13 23 33 32 31 30 4 24 34 42 40 44 50 94 95 49 59 5 52 74 75 47 25 54 55 45 8 7 6 29 39 27 15 26 35 46 98 88 77 69 66 85 65 91 81 72 84 60 51 64 53 62
1 11
11 22
2 12
2 3
22 12
22 21
22 23
22 33
22 32
20 21
20 30
12 13
21 31
3 4
23 24
33 34
32 42
30 40
4 5
24 25
34 44
34 35
42 52
40 50
44 54
50 60
94 84
94 95
49 39
49 59
59 69
5 6
52 51
52 53
52 62
74 64
74 75
74 84
75 85
47 46
25 15
25 26
54 64
55 45
55 65
45 35
45 46
8 7
7 6
29 27
29 39
27 26
98 88
88 77
77 66
66 65
91 81
81 72
72 62