16 9 18 12 21 29 7 6 33 34 36 2 3 39 15 19 40 41 20 42 43 44 0 45 46 47 31 49 50 53 55 56 58 59 62 64 66 67 28 68 11 69 70 71 72 14 77 78 80 81 82 86 87 89 90 91 92 93 94 95 99
16 90
16 9
16 18
12 69
12 43
21 94
29 69
29 7
29 58
7 34
6 64
33 50
36 2
2 68
3 92
3 53
39 19
39 15
39 93
15 90
15 49
19 59
19 71
40 80
40 91
41 77
41 20
42 55
44 95
44 68
0 53
45 82
46 78
47 94
47 31
47 77
31 82
49 56
50 72
53 66
55 56
58 62
58 92
59 72
59 94
62 64
67 28
28 70
68 11
11 87
69 71
70 99
71 95
14 86
14 80
77 89
78 90
81 89
86 99
93 99