0 1 10 4 5 6 14 7 8 9 19 11 20 27 17 18 29 30 22 31 25 26 28 39 40 32 35 36 37 49 38 50 43 44 45 46 51 47 48 59 60 52 55 56 65 57 58 69 61 70 62 66 67 77 68 79 80 73 76 89 90 83 84 85 86 99 88 93 94 95 96 97 98
0 10
0 1
10 20
10 11
4 5
5 6
5 14
6 7
7 8
8 9
9 19
19 29
19 18
20 30
27 28
27 26
17 18
29 39
29 28
30 40
30 31
22 31
31 32
25 26
39 49
39 38
40 50
35 36
36 37
37 38
49 48
49 59
50 51
50 60
43 44
44 45
45 46
45 51
46 47
51 52
47 48
59 58
59 69
60 61
60 70
55 56
56 57
65 66
57 58
69 68
69 79
61 62
70 80
66 67
66 77
67 68
77 76
79 89
80 73
80 90
89 88
89 99
83 84
84 85
85 86
86 99
99 98
93 94
94 95
95 96
96 97
97 98