1 2 3 4 5 6 7 8 9 20 30 40 50 60 70 80 92 93 94 95 96 99 39 49 59 69 79 89 12 13 14 15 16 17 31 41 51 61 82 83 84 85 86 38 48 58 68 78 22 23 24 25 52 62 74 75 37 47 57 67 33 34 35 53 64 65 66 46 56 44 54 55
1 2
2 3
3 4
4 14
5 15
5 6
6 7
7 8
8 9
20 30
30 40
40 41
40 50
50 60
60 70
70 80
92 93
93 94
94 84
95 85
95 96
99 89
39 49
49 48
59 58
59 69
69 79
79 89
12 13
13 14
14 15
15 24
15 16
16 17
31 41
41 52
41 51
51 61
82 83
83 84
84 75
85 74
85 86
38 48
48 57
58 47
58 68
68 78
22 23
23 24
24 34
24 25
52 53
52 62
74 64
75 65
37 47
47 46
57 56
57 67
33 34
34 54
34 35
53 44
64 55
65 66
66 56
46 56
56 54
44 54
54 55