1 2 3 4 5 6 7 8 9 10 11 12 13 14 17 18 27 24 31 32 28 19 20 21 22 23 33 34 35 36 37 38 39 89 90 42 43 48 49 52 53 54 56 57 60 44 45 61 64 65 69 72 73 76 85 86 78 80 77 81 84 93 94 98
1 2
1 72
2 3
3 4
4 5
4 57
4 90
4 20
5 6
6 78
6 7
7 8
8 9
8 98
9 10
9 85
10 11
10 28
11 12
12 13
13 14
17 18
18 19
27 28
24 23
31 32
31 60
31 48
32 33
32 54
19 20
20 21
21 22
22 23
33 34
34 35
34 45
34 78
34 80
35 36
36 37
37 38
38 39
89 84
42 43
43 44
48 49
52 53
53 54
56 45
56 93
60 61
44 45
45 65
64 65
69 72
72 73
76 77
85 86
85 84
78 77
80 81
93 94