2 5 8 9 10 12 13 14 15 16 17 18 19 20 21 24 26 25 29 30 31 32 33 36 37 38 39 40 41 42 43 44 48 49 51 50 54 55 56 57 58 59 62 63 64 65 69 70 71 72 73 74 76 75 79 80 81 82 83 87 88 89 90 94 95 96 97 98 99
2 9
5 14
8 9
9 10
10 19
12 17
12 13
13 14
15 16
15 24
16 17
17 18
18 49
18 19
19 20
20 21
26 25
25 30
29 38
30 39
30 31
31 32
31 48
32 33
36 37
37 38
38 39
39 40
40 41
40 74
41 42
42 43
43 44
48 49
51 57
50 55
50 54
55 56
55 64
56 73
56 57
57 58
58 59
62 63
63 64
64 65
65 99
69 70
70 71
71 72
72 73
73 74
76 82
75 80
75 79
80 81
80 89
81 98
81 82
82 83
87 88
88 89
89 90
94 95
95 96
96 97
97 98
98 99